<?xml version="1.0" encoding="UTF-8"?>
<!-- Generated by org.testng.reporters.JUnitXMLReporter -->
<testsuite ignored="0" hostname="LAPTOP-N9C49PUS" failures="0" tests="6" name="Test" time="10.725" errors="0" timestamp="2024-02-15T10:52:17 CST">
  <testcase classname="restAssuredUserAPIChaining.CreateUser" name="createUserDetails" time="6.494"/>
  <testcase classname="restAssuredUserAPIChaining.GetUserByFirstName$Get_Req_By_First_Name" name="userDetailsByFirstname" time="1.837"/>
  <testcase classname="restAssuredUserAPIChaining.GetUserByUserId" name="getUserDetailsByUserId" time="0.99"/>
  <testcase classname="restAssuredUserAPIChaining.UpdateUser" name="updateUserDetails" time="0.658"/>
  <testcase classname="restAssuredUserAPIChaining.DeleteUserByUserId" name="deleteUserDetailsById" time="0.342"/>
  <testcase classname="restAssuredUserAPIChaining.DeleteUserByFirstName" name="deleteUserId" time="0.341"/>
</testsuite> <!-- Test -->
