<?xml version="1.0" encoding="UTF-8"?>
<testng-results ignored="0" total="5" passed="5" failed="0" skipped="0">
  <reporter-output>
  </reporter-output>
  <suite started-at="2024-02-15T21:36:27 CST" name="Default suite" finished-at="2024-02-15T21:36:33 CST" duration-ms="5820">
    <groups>
    </groups>
    <test started-at="2024-02-15T21:36:27 CST" name="Default test" finished-at="2024-02-15T21:36:33 CST" duration-ms="5820">
      <class name="UserAPI_Using_JSON_File.UserAPIUsingJSONFile">
        <test-method signature="createUser()[pri:1, instance:UserAPI_Using_JSON_File.UserAPIUsingJSONFile@293a5bf6]" started-at="2024-02-15T21:36:27 CST" name="createUser" finished-at="2024-02-15T21:36:30 CST" duration-ms="3041" status="PASS">
          <reporter-output>
          </reporter-output>
        </test-method> <!-- createUser -->
        <test-method signature="getUserByUserId()[pri:2, instance:UserAPI_Using_JSON_File.UserAPIUsingJSONFile@293a5bf6]" started-at="2024-02-15T21:36:30 CST" name="getUserByUserId" finished-at="2024-02-15T21:36:31 CST" duration-ms="717" status="PASS">
          <reporter-output>
          </reporter-output>
        </test-method> <!-- getUserByUserId -->
        <test-method signature="getUserByUserName()[pri:3, instance:UserAPI_Using_JSON_File.UserAPIUsingJSONFile@293a5bf6]" started-at="2024-02-15T21:36:31 CST" name="getUserByUserName" finished-at="2024-02-15T21:36:32 CST" duration-ms="1173" status="PASS">
          <reporter-output>
          </reporter-output>
        </test-method> <!-- getUserByUserName -->
        <test-method signature="deleteUserByUserId()[pri:4, instance:UserAPI_Using_JSON_File.UserAPIUsingJSONFile@293a5bf6]" started-at="2024-02-15T21:36:32 CST" name="deleteUserByUserId" finished-at="2024-02-15T21:36:32 CST" duration-ms="498" status="PASS">
          <reporter-output>
          </reporter-output>
        </test-method> <!-- deleteUserByUserId -->
        <test-method signature="deleteUserByFirstName()[pri:6, instance:UserAPI_Using_JSON_File.UserAPIUsingJSONFile@293a5bf6]" started-at="2024-02-15T21:36:32 CST" name="deleteUserByFirstName" finished-at="2024-02-15T21:36:33 CST" duration-ms="324" status="PASS">
          <reporter-output>
          </reporter-output>
        </test-method> <!-- deleteUserByFirstName -->
      </class> <!-- UserAPI_Using_JSON_File.UserAPIUsingJSONFile -->
    </test> <!-- Default test -->
  </suite> <!-- Default suite -->
</testng-results>
